  object.c
D:\School\winAPI\WindowsProg\winAPI\object.h(46,2): warning C4091: 'typedef ': 변수를 선언하지 않으면 'Direction' 왼쪽은 무시됩니다.
D:\School\winAPI\WindowsProg\winAPI\object.h(49,2): warning C4091: 'typedef ': 변수를 선언하지 않으면 'Pattern' 왼쪽은 무시됩니다.
D:\School\winAPI\WindowsProg\winAPI\object.h(53,2): warning C4091: 'typedef ': 변수를 선언하지 않으면 'Point' 왼쪽은 무시됩니다.
D:\School\winAPI\WindowsProg\winAPI\object.h(57,2): warning C4091: 'typedef ': 변수를 선언하지 않으면 'Object' 왼쪽은 무시됩니다.
D:\School\winAPI\WindowsProg\winAPI\object.h(61,2): warning C4091: 'typedef ': 변수를 선언하지 않으면 'Player' 왼쪽은 무시됩니다.
D:\School\winAPI\WindowsProg\winAPI\object.h(65,2): warning C4091: 'typedef ': 변수를 선언하지 않으면 'Block' 왼쪽은 무시됩니다.
D:\School\winAPI\WindowsProg\winAPI\object.h(71,2): warning C4091: 'typedef ': 변수를 선언하지 않으면 'ObjectManager' 왼쪽은 무시됩니다.
D:\School\winAPI\WindowsProg\winAPI\object.c(7,12): warning C4013: 'time'이(가) 정의되지 않았습니다. extern은 int형을 반환하는 것으로 간주합니다.
D:\School\winAPI\WindowsProg\winAPI\object.c(53,20): warning C4018: '<': signed 또는 unsigned가 일치하지 않습니다.
D:\School\winAPI\WindowsProg\winAPI\object.c(125,20): warning C4018: '<': signed 또는 unsigned가 일치하지 않습니다.
D:\School\winAPI\WindowsProg\winAPI\object.c(145,20): warning C4018: '<': signed 또는 unsigned가 일치하지 않습니다.
D:\School\winAPI\WindowsProg\winAPI\object.c(237,33): warning C4133: '=': 'Player *'과(와) 'Object *' 사이의 형식이 호환되지 않습니다.
D:\School\winAPI\WindowsProg\winAPI\object.c(250,22): warning C4028: 정식 매개 변수 1이(가) 선언과 다릅니다.
D:\School\winAPI\WindowsProg\winAPI\object.c(250,43): warning C4028: 정식 매개 변수 2이(가) 선언과 다릅니다.
D:\School\winAPI\WindowsProg\winAPI\object.c(323,28): warning C4133: '==': 'Player *'과(와) 'Object *' 사이의 형식이 호환되지 않습니다.
  코드를 생성하고 있습니다.
  5 of 16 functions (31.2%) were compiled, the rest were copied from previous compilation.
    0 functions were new in current compilation
    0 functions had inline decision re-evaluated but remain unchanged
  코드를 생성했습니다.
  winAPI.vcxproj -> D:\School\winAPI\WindowsProg\winAPI\Release\winAPI.exe
